<?xml version="1.0" encoding="UTF-8"?>
<testng-results ignored="0" total="1" passed="1" failed="0" skipped="0">
  <reporter-output>
  </reporter-output>
  <suite started-at="2024-06-11T04:51:22 PDT" name="Surefire suite" finished-at="2024-06-11T04:51:23 PDT" duration-ms="1130">
    <groups>
    </groups>
    <test started-at="2024-06-11T04:51:22 PDT" name="Surefire test" finished-at="2024-06-11T04:51:23 PDT" duration-ms="1130">
      <class name="restAssured.GetTest">
        <test-method signature="get()[pri:0, instance:restAssured.GetTest@7ff95560]" started-at="2024-06-11T04:51:22 PDT" name="get" finished-at="2024-06-11T04:51:23 PDT" duration-ms="1115" status="PASS">
          <reporter-output>
          </reporter-output>
        </test-method> <!-- get -->
      </class> <!-- restAssured.GetTest -->
    </test> <!-- Surefire test -->
  </suite> <!-- Surefire suite -->
</testng-results>
